<?xml version="1.0" encoding="UTF-8"?>
<!-- Generated by org.testng.reporters.JUnitReportReporter -->
<testsuite hostname="LAPTOP-3TQK76U1" name="Test01_GET" tests="2" failures="0" timestamp="26 Aug 2020 11:36:33 GMT" time="4.088" errors="0">
  <testcase name="test_02" time="1.237" classname="Test01_GET"/>
  <testcase name="test_01" time="2.851" classname="Test01_GET"/>
</testsuite> <!-- Test01_GET -->
